This file contains any messages produced by compilers while
running configure, to aid debugging if configure makes a mistake.

It was created by SoundTouch configure 1.8.0, which was
generated by GNU Autoconf 2.69.  Invocation command line was

  $ ./configure --enable-integer-samples

## --------- ##
## Platform. ##
## --------- ##

hostname = zhangyu-ubuntu
uname -m = x86_64
uname -r = 3.13.0-74-generic
uname -s = Linux
uname -v = #118-Ubuntu SMP Thu Dec 17 22:52:10 UTC 2015

/usr/bin/uname -p = unknown
/bin/uname -X     = unknown

/bin/arch              = unknown
/usr/bin/arch -k       = unknown
/usr/convex/getsysinfo = unknown
/usr/bin/hostinfo      = unknown
/bin/machine           = unknown
/usr/bin/oslevel       = unknown
/bin/universe          = unknown

PATH: /home/zhangyu/android/jdk1.8.0_60/bin
PATH: /home/zhangyu/android/android-studio/bin
PATH: /home/zhangyu/opensource/smartsvn/bin
PATH: /home/zhangyu/Android/android-ndk-r10e
PATH: /home/zhangyu/bin
PATH: /usr/local/sbin
PATH: /usr/local/bin
PATH: /usr/sbin
PATH: /usr/bin
PATH: /sbin
PATH: /bin
PATH: /usr/games
PATH: /usr/local/games


## ----------- ##
## Core tests. ##
## ----------- ##

configure:2440: checking for a BSD-compatible install
configure:2508: result: /usr/bin/install -c
configure:2519: checking whether build environment is sane
configure:2574: result: yes
configure:2725: checking for a thread-safe mkdir -p
configure:2764: result: /bin/mkdir -p
configure:2771: checking for gawk
configure:2787: found /usr/bin/gawk
configure:2798: result: gawk
configure:2809: checking whether make sets $(MAKE)
configure:2831: result: yes
configure:2860: checking whether make supports nested variables
configure:2877: result: yes
configure:3013: checking whether make supports nested variables
configure:3030: result: yes
configure:3143: checking for g++
configure:3159: found /usr/bin/g++
configure:3170: result: g++
configure:3197: checking for C++ compiler version
configure:3206: g++ --version >&5
g++ (Ubuntu 4.8.4-2ubuntu1~14.04) 4.8.4
Copyright (C) 2013 Free Software Foundation, Inc.
This is free software; see the source for copying conditions.  There is NO
warranty; not even for MERCHANTABILITY or FITNESS FOR A PARTICULAR PURPOSE.

configure:3217: $? = 0
configure:3206: g++ -v >&5
Using built-in specs.
COLLECT_GCC=g++
COLLECT_LTO_WRAPPER=/usr/lib/gcc/x86_64-linux-gnu/4.8/lto-wrapper
Target: x86_64-linux-gnu
Configured with: ../src/configure -v --with-pkgversion='Ubuntu 4.8.4-2ubuntu1~14.04' --with-bugurl=file:///usr/share/doc/gcc-4.8/README.Bugs --enable-languages=c,c++,java,go,d,fortran,objc,obj-c++ --prefix=/usr --program-suffix=-4.8 --enable-shared --enable-linker-build-id --libexecdir=/usr/lib --without-included-gettext --enable-threads=posix --with-gxx-include-dir=/usr/include/c++/4.8 --libdir=/usr/lib --enable-nls --with-sysroot=/ --enable-clocale=gnu --enable-libstdcxx-debug --enable-libstdcxx-time=yes --enable-gnu-unique-object --disable-libmudflap --enable-plugin --with-system-zlib --disable-browser-plugin --enable-java-awt=gtk --enable-gtk-cairo --with-java-home=/usr/lib/jvm/java-1.5.0-gcj-4.8-amd64/jre --enable-java-home --with-jvm-root-dir=/usr/lib/jvm/java-1.5.0-gcj-4.8-amd64 --with-jvm-jar-dir=/usr/lib/jvm-exports/java-1.5.0-gcj-4.8-amd64 --with-arch-directory=amd64 --with-ecj-jar=/usr/share/java/eclipse-ecj.jar --enable-objc-gc --enable-multiarch --disable-werror --with-arch-32=i686 --with-abi=m64 --with-multilib-list=m32,m64,mx32 --with-tune=generic --enable-checking=release --build=x86_64-linux-gnu --host=x86_64-linux-gnu --target=x86_64-linux-gnu
Thread model: posix
gcc version 4.8.4 (Ubuntu 4.8.4-2ubuntu1~14.04) 
configure:3217: $? = 0
configure:3206: g++ -V >&5
g++: error: unrecognized command line option '-V'
g++: fatal error: no input files
compilation terminated.
configure:3217: $? = 4
configure:3206: g++ -qversion >&5
g++: error: unrecognized command line option '-qversion'
g++: fatal error: no input files
compilation terminated.
configure:3217: $? = 4
configure:3237: checking whether the C++ compiler works
configure:3259: g++    conftest.cpp  >&5
configure:3263: $? = 0
configure:3311: result: yes
configure:3314: checking for C++ compiler default output file name
configure:3316: result: a.out
configure:3322: checking for suffix of executables
configure:3329: g++ -o conftest    conftest.cpp  >&5
configure:3333: $? = 0
configure:3355: result: 
configure:3377: checking whether we are cross compiling
configure:3385: g++ -o conftest    conftest.cpp  >&5
configure:3389: $? = 0
configure:3396: ./conftest
configure:3400: $? = 0
configure:3415: result: no
configure:3420: checking for suffix of object files
configure:3442: g++ -c   conftest.cpp >&5
configure:3446: $? = 0
configure:3467: result: o
configure:3471: checking whether we are using the GNU C++ compiler
configure:3490: g++ -c   conftest.cpp >&5
configure:3490: $? = 0
configure:3499: result: yes
configure:3508: checking whether g++ accepts -g
configure:3528: g++ -c -g  conftest.cpp >&5
configure:3528: $? = 0
configure:3569: result: yes
configure:3603: checking for style of include used by make
configure:3631: result: GNU
configure:3657: checking dependency style of g++
configure:3768: result: gcc3
configure:3832: checking for gcc
configure:3848: found /usr/bin/gcc
configure:3859: result: gcc
configure:4088: checking for C compiler version
configure:4097: gcc --version >&5
gcc (Ubuntu 4.8.4-2ubuntu1~14.04) 4.8.4
Copyright (C) 2013 Free Software Foundation, Inc.
This is free software; see the source for copying conditions.  There is NO
warranty; not even for MERCHANTABILITY or FITNESS FOR A PARTICULAR PURPOSE.

configure:4108: $? = 0
configure:4097: gcc -v >&5
Using built-in specs.
COLLECT_GCC=gcc
COLLECT_LTO_WRAPPER=/usr/lib/gcc/x86_64-linux-gnu/4.8/lto-wrapper
Target: x86_64-linux-gnu
Configured with: ../src/configure -v --with-pkgversion='Ubuntu 4.8.4-2ubuntu1~14.04' --with-bugurl=file:///usr/share/doc/gcc-4.8/README.Bugs --enable-languages=c,c++,java,go,d,fortran,objc,obj-c++ --prefix=/usr --program-suffix=-4.8 --enable-shared --enable-linker-build-id --libexecdir=/usr/lib --without-included-gettext --enable-threads=posix --with-gxx-include-dir=/usr/include/c++/4.8 --libdir=/usr/lib --enable-nls --with-sysroot=/ --enable-clocale=gnu --enable-libstdcxx-debug --enable-libstdcxx-time=yes --enable-gnu-unique-object --disable-libmudflap --enable-plugin --with-system-zlib --disable-browser-plugin --enable-java-awt=gtk --enable-gtk-cairo --with-java-home=/usr/lib/jvm/java-1.5.0-gcj-4.8-amd64/jre --enable-java-home --with-jvm-root-dir=/usr/lib/jvm/java-1.5.0-gcj-4.8-amd64 --with-jvm-jar-dir=/usr/lib/jvm-exports/java-1.5.0-gcj-4.8-amd64 --with-arch-directory=amd64 --with-ecj-jar=/usr/share/java/eclipse-ecj.jar --enable-objc-gc --enable-multiarch --disable-werror --with-arch-32=i686 --with-abi=m64 --with-multilib-list=m32,m64,mx32 --with-tune=generic --enable-checking=release --build=x86_64-linux-gnu --host=x86_64-linux-gnu --target=x86_64-linux-gnu
Thread model: posix
gcc version 4.8.4 (Ubuntu 4.8.4-2ubuntu1~14.04) 
configure:4108: $? = 0
configure:4097: gcc -V >&5
gcc: error: unrecognized command line option '-V'
gcc: fatal error: no input files
compilation terminated.
configure:4108: $? = 4
configure:4097: gcc -qversion >&5
gcc: error: unrecognized command line option '-qversion'
gcc: fatal error: no input files
compilation terminated.
configure:4108: $? = 4
configure:4112: checking whether we are using the GNU C compiler
configure:4131: gcc -c   conftest.c >&5
configure:4131: $? = 0
configure:4140: result: yes
configure:4149: checking whether gcc accepts -g
configure:4169: gcc -c -g  conftest.c >&5
configure:4169: $? = 0
configure:4210: result: yes
configure:4227: checking for gcc option to accept ISO C89
configure:4290: gcc  -c -g -O2  conftest.c >&5
configure:4290: $? = 0
configure:4303: result: none needed
configure:4328: checking whether gcc understands -c and -o together
configure:4350: gcc -c conftest.c -o conftest2.o
configure:4353: $? = 0
configure:4350: gcc -c conftest.c -o conftest2.o
configure:4353: $? = 0
configure:4365: result: yes
configure:4384: checking dependency style of gcc
configure:4495: result: gcc3
configure:4515: checking how to run the C preprocessor
configure:4546: gcc -E  conftest.c
configure:4546: $? = 0
configure:4560: gcc -E  conftest.c
conftest.c:11:28: fatal error: ac_nonexistent.h: No such file or directory
 #include <ac_nonexistent.h>
                            ^
compilation terminated.
configure:4560: $? = 1
configure: failed program was:
| /* confdefs.h */
| #define PACKAGE_NAME "SoundTouch"
| #define PACKAGE_TARNAME "soundtouch"
| #define PACKAGE_VERSION "1.8.0"
| #define PACKAGE_STRING "SoundTouch 1.8.0"
| #define PACKAGE_BUGREPORT "http://www.surina.net/soundtouch"
| #define PACKAGE_URL ""
| #define PACKAGE "soundtouch"
| #define VERSION "1.8.0"
| /* end confdefs.h.  */
| #include <ac_nonexistent.h>
configure:4585: result: gcc -E
configure:4605: gcc -E  conftest.c
configure:4605: $? = 0
configure:4619: gcc -E  conftest.c
conftest.c:11:28: fatal error: ac_nonexistent.h: No such file or directory
 #include <ac_nonexistent.h>
                            ^
compilation terminated.
configure:4619: $? = 1
configure: failed program was:
| /* confdefs.h */
| #define PACKAGE_NAME "SoundTouch"
| #define PACKAGE_TARNAME "soundtouch"
| #define PACKAGE_VERSION "1.8.0"
| #define PACKAGE_STRING "SoundTouch 1.8.0"
| #define PACKAGE_BUGREPORT "http://www.surina.net/soundtouch"
| #define PACKAGE_URL ""
| #define PACKAGE "soundtouch"
| #define VERSION "1.8.0"
| /* end confdefs.h.  */
| #include <ac_nonexistent.h>
configure:4652: checking how to run the C++ preprocessor
configure:4679: g++ -E  conftest.cpp
configure:4679: $? = 0
configure:4693: g++ -E  conftest.cpp
conftest.cpp:11:28: fatal error: ac_nonexistent.h: No such file or directory
 #include <ac_nonexistent.h>
                            ^
compilation terminated.
configure:4693: $? = 1
configure: failed program was:
| /* confdefs.h */
| #define PACKAGE_NAME "SoundTouch"
| #define PACKAGE_TARNAME "soundtouch"
| #define PACKAGE_VERSION "1.8.0"
| #define PACKAGE_STRING "SoundTouch 1.8.0"
| #define PACKAGE_BUGREPORT "http://www.surina.net/soundtouch"
| #define PACKAGE_URL ""
| #define PACKAGE "soundtouch"
| #define VERSION "1.8.0"
| /* end confdefs.h.  */
| #include <ac_nonexistent.h>
configure:4718: result: g++ -E
configure:4738: g++ -E  conftest.cpp
configure:4738: $? = 0
configure:4752: g++ -E  conftest.cpp
conftest.cpp:11:28: fatal error: ac_nonexistent.h: No such file or directory
 #include <ac_nonexistent.h>
                            ^
compilation terminated.
configure:4752: $? = 1
configure: failed program was:
| /* confdefs.h */
| #define PACKAGE_NAME "SoundTouch"
| #define PACKAGE_TARNAME "soundtouch"
| #define PACKAGE_VERSION "1.8.0"
| #define PACKAGE_STRING "SoundTouch 1.8.0"
| #define PACKAGE_BUGREPORT "http://www.surina.net/soundtouch"
| #define PACKAGE_URL ""
| #define PACKAGE "soundtouch"
| #define VERSION "1.8.0"
| /* end confdefs.h.  */
| #include <ac_nonexistent.h>
configure:4782: checking whether make sets $(MAKE)
configure:4804: result: yes
configure:4843: checking build system type
configure:4857: result: x86_64-unknown-linux-gnu
configure:4877: checking host system type
configure:4890: result: x86_64-unknown-linux-gnu
configure:4931: checking how to print strings
configure:4958: result: printf
configure:4979: checking for a sed that does not truncate output
configure:5043: result: /bin/sed
configure:5061: checking for grep that handles long lines and -e
configure:5119: result: /bin/grep
configure:5124: checking for egrep
configure:5186: result: /bin/grep -E
configure:5191: checking for fgrep
configure:5253: result: /bin/grep -F
configure:5288: checking for ld used by gcc
configure:5355: result: /usr/bin/ld
configure:5362: checking if the linker (/usr/bin/ld) is GNU ld
configure:5377: result: yes
configure:5389: checking for BSD- or MS-compatible name lister (nm)
configure:5438: result: /usr/bin/nm -B
configure:5568: checking the name lister (/usr/bin/nm -B) interface
configure:5575: g++ -c -g -O2  conftest.cpp >&5
configure:5578: /usr/bin/nm -B "conftest.o"
configure:5581: output
0000000000000000 B some_variable
configure:5588: result: BSD nm
configure:5591: checking whether ln -s works
configure:5595: result: yes
configure:5603: checking the maximum length of command line arguments
configure:5734: result: 1572864
configure:5751: checking whether the shell understands some XSI constructs
configure:5761: result: yes
configure:5765: checking whether the shell understands "+="
configure:5771: result: yes
configure:5806: checking how to convert x86_64-unknown-linux-gnu file names to x86_64-unknown-linux-gnu format
configure:5846: result: func_convert_file_noop
configure:5853: checking how to convert x86_64-unknown-linux-gnu file names to toolchain format
configure:5873: result: func_convert_file_noop
configure:5880: checking for /usr/bin/ld option to reload object files
configure:5887: result: -r
configure:5961: checking for objdump
configure:5977: found /usr/bin/objdump
configure:5988: result: objdump
configure:6020: checking how to recognize dependent libraries
configure:6218: result: pass_all
configure:6303: checking for dlltool
configure:6333: result: no
configure:6363: checking how to associate runtime and link libraries
configure:6390: result: printf %s\n
configure:6451: checking for ar
configure:6467: found /usr/bin/ar
configure:6478: result: ar
configure:6515: checking for archiver @FILE support
configure:6532: g++ -c -g -O2  conftest.cpp >&5
configure:6532: $? = 0
configure:6535: ar cru libconftest.a @conftest.lst >&5
configure:6538: $? = 0
configure:6543: ar cru libconftest.a @conftest.lst >&5
ar: conftest.o: No such file or directory
configure:6546: $? = 1
configure:6558: result: @
configure:6616: checking for strip
configure:6632: found /usr/bin/strip
configure:6643: result: strip
configure:6715: checking for ranlib
configure:6731: found /usr/bin/ranlib
configure:6742: result: ranlib
configure:6844: checking command to parse /usr/bin/nm -B output from gcc object
configure:6964: g++ -c -g -O2  conftest.cpp >&5
configure:6967: $? = 0
configure:6971: /usr/bin/nm -B conftest.o \| sed -n -e 's/^.*[ ]\([ABCDGIRSTW][ABCDGIRSTW]*\)[ ][ ]*\([_A-Za-z][_A-Za-z0-9]*\)$/\1 \2 \2/p' | sed '/ __gnu_lto/d' \> conftest.nm
configure:6974: $? = 0
configure:7040: g++ -o conftest -g -O2   conftest.cpp conftstm.o >&5
configure:7043: $? = 0
configure:7081: result: ok
configure:7118: checking for sysroot
configure:7148: result: no
configure:7226: g++ -c -g -O2  conftest.cpp >&5
configure:7229: $? = 0
configure:7418: checking for mt
configure:7434: found /bin/mt
configure:7445: result: mt
configure:7468: checking if mt is a manifest tool
configure:7474: mt '-?'
configure:7482: result: no
configure:8120: checking for ANSI C header files
configure:8140: g++ -c -g -O2  conftest.cpp >&5
configure:8140: $? = 0
configure:8213: g++ -o conftest -g -O2   conftest.cpp  >&5
configure:8213: $? = 0
configure:8213: ./conftest
configure:8213: $? = 0
configure:8224: result: yes
configure:8237: checking for sys/types.h
configure:8237: g++ -c -g -O2  conftest.cpp >&5
configure:8237: $? = 0
configure:8237: result: yes
configure:8237: checking for sys/stat.h
configure:8237: g++ -c -g -O2  conftest.cpp >&5
configure:8237: $? = 0
configure:8237: result: yes
configure:8237: checking for stdlib.h
configure:8237: g++ -c -g -O2  conftest.cpp >&5
configure:8237: $? = 0
configure:8237: result: yes
configure:8237: checking for string.h
configure:8237: g++ -c -g -O2  conftest.cpp >&5
configure:8237: $? = 0
configure:8237: result: yes
configure:8237: checking for memory.h
configure:8237: g++ -c -g -O2  conftest.cpp >&5
configure:8237: $? = 0
configure:8237: result: yes
configure:8237: checking for strings.h
configure:8237: g++ -c -g -O2  conftest.cpp >&5
configure:8237: $? = 0
configure:8237: result: yes
configure:8237: checking for inttypes.h
configure:8237: g++ -c -g -O2  conftest.cpp >&5
configure:8237: $? = 0
configure:8237: result: yes
configure:8237: checking for stdint.h
configure:8237: g++ -c -g -O2  conftest.cpp >&5
configure:8237: $? = 0
configure:8237: result: yes
configure:8237: checking for unistd.h
configure:8237: g++ -c -g -O2  conftest.cpp >&5
configure:8237: $? = 0
configure:8237: result: yes
configure:8251: checking for dlfcn.h
configure:8251: g++ -c -g -O2  conftest.cpp >&5
configure:8251: $? = 0
configure:8251: result: yes
configure:8437: checking for objdir
configure:8452: result: .libs
configure:8723: checking if gcc supports -fno-rtti -fno-exceptions
configure:8741: gcc -c -g -O2  -fno-rtti -fno-exceptions conftest.c >&5
cc1: warning: command line option '-fno-rtti' is valid for C++/ObjC++ but not for C [enabled by default]
configure:8745: $? = 0
configure:8758: result: no
configure:9085: checking for gcc option to produce PIC
configure:9092: result: -fPIC -DPIC
configure:9100: checking if gcc PIC flag -fPIC -DPIC works
configure:9118: gcc -c -g -O2  -fPIC -DPIC -DPIC conftest.c >&5
configure:9122: $? = 0
configure:9135: result: yes
configure:9164: checking if gcc static flag -static works
configure:9192: result: yes
configure:9207: checking if gcc supports -c -o file.o
configure:9228: gcc -c -g -O2  -o out/conftest2.o conftest.c >&5
configure:9232: $? = 0
configure:9254: result: yes
configure:9262: checking if gcc supports -c -o file.o
configure:9309: result: yes
configure:9342: checking whether the gcc linker (/usr/bin/ld -m elf_x86_64) supports shared libraries
configure:10499: result: yes
configure:10536: checking whether -lc should be explicitly linked in
configure:10544: gcc -c -g -O2  conftest.c >&5
configure:10547: $? = 0
configure:10562: gcc -shared  -fPIC -DPIC conftest.o  -v -Wl,-soname -Wl,conftest -o conftest 2\>\&1 \| /bin/grep  -lc  \>/dev/null 2\>\&1
configure:10565: $? = 0
configure:10579: result: no
configure:10739: checking dynamic linker characteristics
configure:11239: gcc -o conftest -g -O2   -Wl,-rpath -Wl,/foo conftest.c  >&5
configure:11239: $? = 0
configure:11473: result: GNU/Linux ld.so
configure:11580: checking how to hardcode library paths into programs
configure:11605: result: immediate
configure:12145: checking whether stripping libraries is possible
configure:12150: result: yes
configure:12185: checking if libtool supports shared libraries
configure:12187: result: yes
configure:12190: checking whether to build shared libraries
configure:12211: result: yes
configure:12214: checking whether to build static libraries
configure:12218: result: no
configure:12241: checking how to run the C++ preprocessor
configure:12307: result: g++ -E
configure:12327: g++ -E  conftest.cpp
configure:12327: $? = 0
configure:12341: g++ -E  conftest.cpp
conftest.cpp:23:28: fatal error: ac_nonexistent.h: No such file or directory
 #include <ac_nonexistent.h>
                            ^
compilation terminated.
configure:12341: $? = 1
configure: failed program was:
| /* confdefs.h */
| #define PACKAGE_NAME "SoundTouch"
| #define PACKAGE_TARNAME "soundtouch"
| #define PACKAGE_VERSION "1.8.0"
| #define PACKAGE_STRING "SoundTouch 1.8.0"
| #define PACKAGE_BUGREPORT "http://www.surina.net/soundtouch"
| #define PACKAGE_URL ""
| #define PACKAGE "soundtouch"
| #define VERSION "1.8.0"
| #define STDC_HEADERS 1
| #define HAVE_SYS_TYPES_H 1
| #define HAVE_SYS_STAT_H 1
| #define HAVE_STDLIB_H 1
| #define HAVE_STRING_H 1
| #define HAVE_MEMORY_H 1
| #define HAVE_STRINGS_H 1
| #define HAVE_INTTYPES_H 1
| #define HAVE_STDINT_H 1
| #define HAVE_UNISTD_H 1
| #define HAVE_DLFCN_H 1
| #define LT_OBJDIR ".libs/"
| /* end confdefs.h.  */
| #include <ac_nonexistent.h>
configure:12510: checking for ld used by g++
configure:12577: result: /usr/bin/ld -m elf_x86_64
configure:12584: checking if the linker (/usr/bin/ld -m elf_x86_64) is GNU ld
configure:12599: result: yes
configure:12654: checking whether the g++ linker (/usr/bin/ld -m elf_x86_64) supports shared libraries
configure:13656: result: yes
configure:13692: g++ -c -g -O2  conftest.cpp >&5
configure:13695: $? = 0
configure:14215: checking for g++ option to produce PIC
configure:14222: result: -fPIC -DPIC
configure:14230: checking if g++ PIC flag -fPIC -DPIC works
configure:14248: g++ -c -g -O2  -fPIC -DPIC -DPIC conftest.cpp >&5
configure:14252: $? = 0
configure:14265: result: yes
configure:14288: checking if g++ static flag -static works
configure:14316: result: yes
configure:14328: checking if g++ supports -c -o file.o
configure:14349: g++ -c -g -O2  -o out/conftest2.o conftest.cpp >&5
configure:14353: $? = 0
configure:14375: result: yes
configure:14380: checking if g++ supports -c -o file.o
configure:14427: result: yes
configure:14457: checking whether the g++ linker (/usr/bin/ld -m elf_x86_64) supports shared libraries
configure:14496: result: yes
configure:14637: checking dynamic linker characteristics
configure:15305: result: GNU/Linux ld.so
configure:15358: checking how to hardcode library paths into programs
configure:15383: result: immediate
configure:15448: checking for ANSI C header files
configure:15552: result: yes
configure:15564: checking cpuid.h usability
configure:15564: g++ -c -g -O2  conftest.cpp >&5
configure:15564: $? = 0
configure:15564: result: yes
configure:15564: checking cpuid.h presence
configure:15564: g++ -E  conftest.cpp
configure:15564: $? = 0
configure:15564: result: yes
configure:15564: checking for cpuid.h
configure:15564: result: yes
configure:15585: checking for an ANSI C-conforming const
configure:15651: g++ -c -g -O2  conftest.cpp >&5
configure:15651: $? = 0
configure:15658: result: yes
configure:15666: checking for inline
configure:15682: g++ -c -g -O2  conftest.cpp >&5
configure:15682: $? = 0
configure:15690: result: inline
configure:15781: g++ -c -mmmx -Winline -g -O2  conftest.cpp >&5
configure:15781: $? = 0
configure:15823: g++ -c -msse -Winline -g -O2  conftest.cpp >&5
configure:15823: $? = 0
configure:15881: checking for stdlib.h
configure:15881: result: yes
configure:15891: checking for GNU libc compatible malloc
configure:15915: g++ -o conftest -g -O2   conftest.cpp  >&5
configure:15915: $? = 0
configure:15915: ./conftest
configure:15915: $? = 0
configure:15925: result: yes
configure:15946: checking return type of signal handlers
configure:15964: g++ -c -g -O2  conftest.cpp >&5
conftest.cpp: In function 'int main()':
conftest.cpp:34:22: error: void value not ignored as it ought to be
 return *(signal (0, 0)) (0) == 1;
                      ^
configure:15964: $? = 1
configure: failed program was:
| /* confdefs.h */
| #define PACKAGE_NAME "SoundTouch"
| #define PACKAGE_TARNAME "soundtouch"
| #define PACKAGE_VERSION "1.8.0"
| #define PACKAGE_STRING "SoundTouch 1.8.0"
| #define PACKAGE_BUGREPORT "http://www.surina.net/soundtouch"
| #define PACKAGE_URL ""
| #define PACKAGE "soundtouch"
| #define VERSION "1.8.0"
| #define STDC_HEADERS 1
| #define HAVE_SYS_TYPES_H 1
| #define HAVE_SYS_STAT_H 1
| #define HAVE_STDLIB_H 1
| #define HAVE_STRING_H 1
| #define HAVE_MEMORY_H 1
| #define HAVE_STRINGS_H 1
| #define HAVE_INTTYPES_H 1
| #define HAVE_STDINT_H 1
| #define HAVE_UNISTD_H 1
| #define HAVE_DLFCN_H 1
| #define LT_OBJDIR ".libs/"
| #define STDC_HEADERS 1
| #define HAVE_CPUID_H 1
| #define SOUNDTOUCH_INTEGER_SAMPLES 1
| #define HAVE_STDLIB_H 1
| #define HAVE_MALLOC 1
| /* end confdefs.h.  */
| #include <sys/types.h>
| #include <signal.h>
| 
| int
| main ()
| {
| return *(signal (0, 0)) (0) == 1;
|   ;
|   return 0;
| }
configure:15971: result: void
configure:15980: checking for sqrt in -lm
configure:16005: g++ -o conftest -g -O2   conftest.cpp -lm   >&5
configure:16005: $? = 0
configure:16014: result: yes
configure:16157: checking that generated files are newer than configure
configure:16163: result: done
configure:16202: creating ./config.status

## ---------------------- ##
## Running config.status. ##
## ---------------------- ##

This file was extended by SoundTouch config.status 1.8.0, which was
generated by GNU Autoconf 2.69.  Invocation command line was

  CONFIG_FILES    = 
  CONFIG_HEADERS  = 
  CONFIG_LINKS    = 
  CONFIG_COMMANDS = 
  $ ./config.status 

on zhangyu-ubuntu

config.status:1161: creating Makefile
config.status:1161: creating source/Makefile
config.status:1161: creating source/SoundTouch/Makefile
config.status:1161: creating source/SoundStretch/Makefile
config.status:1161: creating include/Makefile
config.status:1161: creating soundtouch.pc
config.status:1161: creating include/soundtouch_config.h
config.status:1390: executing depfiles commands
config.status:1390: executing libtool commands

## ---------------- ##
## Cache variables. ##
## ---------------- ##

ac_cv_build=x86_64-unknown-linux-gnu
ac_cv_c_compiler_gnu=yes
ac_cv_c_const=yes
ac_cv_c_inline=inline
ac_cv_cxx_compiler_gnu=yes
ac_cv_env_CCC_set=
ac_cv_env_CCC_value=
ac_cv_env_CC_set=
ac_cv_env_CC_value=
ac_cv_env_CFLAGS_set=
ac_cv_env_CFLAGS_value=
ac_cv_env_CPPFLAGS_set=
ac_cv_env_CPPFLAGS_value=
ac_cv_env_CPP_set=
ac_cv_env_CPP_value=
ac_cv_env_CXXCPP_set=
ac_cv_env_CXXCPP_value=
ac_cv_env_CXXFLAGS_set=
ac_cv_env_CXXFLAGS_value=
ac_cv_env_CXX_set=
ac_cv_env_CXX_value=
ac_cv_env_LDFLAGS_set=
ac_cv_env_LDFLAGS_value=
ac_cv_env_LIBS_set=
ac_cv_env_LIBS_value=
ac_cv_env_build_alias_set=
ac_cv_env_build_alias_value=
ac_cv_env_host_alias_set=
ac_cv_env_host_alias_value=
ac_cv_env_target_alias_set=
ac_cv_env_target_alias_value=
ac_cv_func_malloc_0_nonnull=yes
ac_cv_header_cpuid_h=yes
ac_cv_header_dlfcn_h=yes
ac_cv_header_inttypes_h=yes
ac_cv_header_memory_h=yes
ac_cv_header_stdc=yes
ac_cv_header_stdint_h=yes
ac_cv_header_stdlib_h=yes
ac_cv_header_string_h=yes
ac_cv_header_strings_h=yes
ac_cv_header_sys_stat_h=yes
ac_cv_header_sys_types_h=yes
ac_cv_header_unistd_h=yes
ac_cv_host=x86_64-unknown-linux-gnu
ac_cv_lib_m_sqrt=yes
ac_cv_objext=o
ac_cv_path_EGREP='/bin/grep -E'
ac_cv_path_FGREP='/bin/grep -F'
ac_cv_path_GREP=/bin/grep
ac_cv_path_SED=/bin/sed
ac_cv_path_install='/usr/bin/install -c'
ac_cv_path_mkdir=/bin/mkdir
ac_cv_prog_AWK=gawk
ac_cv_prog_CPP='gcc -E'
ac_cv_prog_CXXCPP='g++ -E'
ac_cv_prog_ac_ct_AR=ar
ac_cv_prog_ac_ct_CC=gcc
ac_cv_prog_ac_ct_CXX=g++
ac_cv_prog_ac_ct_MANIFEST_TOOL=mt
ac_cv_prog_ac_ct_OBJDUMP=objdump
ac_cv_prog_ac_ct_RANLIB=ranlib
ac_cv_prog_ac_ct_STRIP=strip
ac_cv_prog_cc_c89=
ac_cv_prog_cc_g=yes
ac_cv_prog_cxx_g=yes
ac_cv_prog_make_make_set=yes
ac_cv_type_signal=void
am_cv_CC_dependencies_compiler_type=gcc3
am_cv_CXX_dependencies_compiler_type=gcc3
am_cv_make_support_nested_variables=yes
am_cv_prog_cc_c_o=yes
lt_cv_ar_at_file=@
lt_cv_archive_cmds_need_lc=no
lt_cv_deplibs_check_method=pass_all
lt_cv_file_magic_cmd='$MAGIC_CMD'
lt_cv_file_magic_test_file=
lt_cv_ld_reload_flag=-r
lt_cv_nm_interface='BSD nm'
lt_cv_objdir=.libs
lt_cv_path_LD=/usr/bin/ld
lt_cv_path_LDCXX='/usr/bin/ld -m elf_x86_64'
lt_cv_path_NM='/usr/bin/nm -B'
lt_cv_path_mainfest_tool=no
lt_cv_prog_compiler_c_o=yes
lt_cv_prog_compiler_c_o_CXX=yes
lt_cv_prog_compiler_pic='-fPIC -DPIC'
lt_cv_prog_compiler_pic_CXX='-fPIC -DPIC'
lt_cv_prog_compiler_pic_works=yes
lt_cv_prog_compiler_pic_works_CXX=yes
lt_cv_prog_compiler_rtti_exceptions=no
lt_cv_prog_compiler_static_works=yes
lt_cv_prog_compiler_static_works_CXX=yes
lt_cv_prog_gnu_ld=yes
lt_cv_prog_gnu_ldcxx=yes
lt_cv_sharedlib_from_linklib_cmd='printf %s\n'
lt_cv_shlibpath_overrides_runpath=no
lt_cv_sys_global_symbol_pipe='sed -n -e '\''s/^.*[	 ]\([ABCDGIRSTW][ABCDGIRSTW]*\)[	 ][	 ]*\([_A-Za-z][_A-Za-z0-9]*\)$/\1 \2 \2/p'\'' | sed '\''/ __gnu_lto/d'\'''
lt_cv_sys_global_symbol_to_c_name_address='sed -n -e '\''s/^: \([^ ]*\)[ ]*$/  {\"\1\", (void *) 0},/p'\'' -e '\''s/^[ABCDGIRSTW]* \([^ ]*\) \([^ ]*\)$/  {"\2", (void *) \&\2},/p'\'''
lt_cv_sys_global_symbol_to_c_name_address_lib_prefix='sed -n -e '\''s/^: \([^ ]*\)[ ]*$/  {\"\1\", (void *) 0},/p'\'' -e '\''s/^[ABCDGIRSTW]* \([^ ]*\) \(lib[^ ]*\)$/  {"\2", (void *) \&\2},/p'\'' -e '\''s/^[ABCDGIRSTW]* \([^ ]*\) \([^ ]*\)$/  {"lib\2", (void *) \&\2},/p'\'''
lt_cv_sys_global_symbol_to_cdecl='sed -n -e '\''s/^T .* \(.*\)$/extern int \1();/p'\'' -e '\''s/^[ABCDGIRSTW]* .* \(.*\)$/extern char \1;/p'\'''
lt_cv_sys_max_cmd_len=1572864
lt_cv_to_host_file_cmd=func_convert_file_noop
lt_cv_to_tool_file_cmd=func_convert_file_noop

## ----------------- ##
## Output variables. ##
## ----------------- ##

ACLOCAL='${SHELL} /home/zhangyu/opensource/soundtouch/config/missing aclocal-1.14'
AMDEPBACKSLASH='\'
AMDEP_FALSE='#'
AMDEP_TRUE=''
AMTAR='$${TAR-tar}'
AM_BACKSLASH='\'
AM_DEFAULT_V='$(AM_DEFAULT_VERBOSITY)'
AM_DEFAULT_VERBOSITY='0'
AM_V='$(V)'
AR='ar'
AUTOCONF='${SHELL} /home/zhangyu/opensource/soundtouch/config/missing autoconf'
AUTOHEADER='${SHELL} /home/zhangyu/opensource/soundtouch/config/missing autoheader'
AUTOMAKE='${SHELL} /home/zhangyu/opensource/soundtouch/config/missing automake-1.14'
AWK='gawk'
CC='gcc'
CCDEPMODE='depmode=gcc3'
CFLAGS='-g -O2'
CPP='gcc -E'
CPPFLAGS=''
CXX='g++'
CXXCPP='g++ -E'
CXXDEPMODE='depmode=gcc3'
CXXFLAGS='-g -O2'
CYGPATH_W='echo'
DEFS='-DHAVE_CONFIG_H'
DEPDIR='.deps'
DLLTOOL='false'
DSYMUTIL=''
DUMPBIN=''
ECHO_C=''
ECHO_N='-n'
ECHO_T=''
EGREP='/bin/grep -E'
EXEEXT=''
FGREP='/bin/grep -F'
GREP='/bin/grep'
HAVE_MMX_FALSE='#'
HAVE_MMX_TRUE=''
HAVE_SSE_FALSE='#'
HAVE_SSE_TRUE=''
INSTALL_DATA='${INSTALL} -m 644'
INSTALL_PROGRAM='${INSTALL}'
INSTALL_SCRIPT='${INSTALL}'
INSTALL_STRIP_PROGRAM='$(install_sh) -c -s'
LD='/usr/bin/ld -m elf_x86_64'
LDFLAGS=''
LIBOBJS=''
LIBS='-lm '
LIBTOOL='$(SHELL) $(top_builddir)/libtool'
LIPO=''
LN_S='ln -s'
LTLIBOBJS=''
MAKEINFO='${SHELL} /home/zhangyu/opensource/soundtouch/config/missing makeinfo'
MANIFEST_TOOL=':'
MKDIR_P='/bin/mkdir -p'
NM='/usr/bin/nm -B'
NMEDIT=''
OBJDUMP='objdump'
OBJEXT='o'
OTOOL64=''
OTOOL=''
PACKAGE='soundtouch'
PACKAGE_BUGREPORT='http://www.surina.net/soundtouch'
PACKAGE_NAME='SoundTouch'
PACKAGE_STRING='SoundTouch 1.8.0'
PACKAGE_TARNAME='soundtouch'
PACKAGE_URL=''
PACKAGE_VERSION='1.8.0'
PATH_SEPARATOR=':'
RANLIB='ranlib'
SED='/bin/sed'
SET_MAKE=''
SHELL='/bin/bash'
STRIP='strip'
VERSION='1.8.0'
X86_OPTIMIZATIONS_FALSE='#'
X86_OPTIMIZATIONS_TRUE=''
ac_ct_AR='ar'
ac_ct_CC='gcc'
ac_ct_CXX='g++'
ac_ct_DUMPBIN=''
am__EXEEXT_FALSE=''
am__EXEEXT_TRUE='#'
am__fastdepCC_FALSE='#'
am__fastdepCC_TRUE=''
am__fastdepCXX_FALSE='#'
am__fastdepCXX_TRUE=''
am__include='include'
am__isrc=''
am__leading_dot='.'
am__nodep='_no'
am__quote=''
am__tar='$${TAR-tar} chof - "$$tardir"'
am__untar='$${TAR-tar} xf -'
bindir='${exec_prefix}/bin'
build='x86_64-unknown-linux-gnu'
build_alias=''
build_cpu='x86_64'
build_os='linux-gnu'
build_vendor='unknown'
datadir='${datarootdir}'
datarootdir='${prefix}/share'
docdir='${datarootdir}/doc/${PACKAGE_TARNAME}'
dvidir='${docdir}'
exec_prefix='${prefix}'
host='x86_64-unknown-linux-gnu'
host_alias=''
host_cpu='x86_64'
host_os='linux-gnu'
host_vendor='unknown'
htmldir='${docdir}'
includedir='${prefix}/include'
infodir='${datarootdir}/info'
install_sh='${SHELL} /home/zhangyu/opensource/soundtouch/config/install-sh'
libdir='${exec_prefix}/lib'
libexecdir='${exec_prefix}/libexec'
localedir='${datarootdir}/locale'
localstatedir='${prefix}/var'
mandir='${datarootdir}/man'
mkdir_p='$(MKDIR_P)'
oldincludedir='/usr/include'
pdfdir='${docdir}'
prefix='/usr/local'
program_transform_name='s,x,x,'
psdir='${docdir}'
sbindir='${exec_prefix}/sbin'
sharedstatedir='${prefix}/com'
sysconfdir='${prefix}/etc'
target_alias=''

## ----------- ##
## confdefs.h. ##
## ----------- ##

/* confdefs.h */
#define PACKAGE_NAME "SoundTouch"
#define PACKAGE_TARNAME "soundtouch"
#define PACKAGE_VERSION "1.8.0"
#define PACKAGE_STRING "SoundTouch 1.8.0"
#define PACKAGE_BUGREPORT "http://www.surina.net/soundtouch"
#define PACKAGE_URL ""
#define PACKAGE "soundtouch"
#define VERSION "1.8.0"
#define STDC_HEADERS 1
#define HAVE_SYS_TYPES_H 1
#define HAVE_SYS_STAT_H 1
#define HAVE_STDLIB_H 1
#define HAVE_STRING_H 1
#define HAVE_MEMORY_H 1
#define HAVE_STRINGS_H 1
#define HAVE_INTTYPES_H 1
#define HAVE_STDINT_H 1
#define HAVE_UNISTD_H 1
#define HAVE_DLFCN_H 1
#define LT_OBJDIR ".libs/"
#define STDC_HEADERS 1
#define HAVE_CPUID_H 1
#define SOUNDTOUCH_INTEGER_SAMPLES 1
#define HAVE_STDLIB_H 1
#define HAVE_MALLOC 1
#define RETSIGTYPE void
#define HAVE_LIBM 1

configure: exit 0
